[ 
   { 
      "Plan":{ 
         "Node Type":"Aggregate",
         "Strategy":"Plain",
         "Partial Mode":"Finalize",
         "Parallel Aware":false,
         "Startup Cost":123880322.67,
         "Total Cost":123880322.68,
         "Plan Rows":1,
         "Plan Width":8,
         "Actual Startup Time":434512.272,
         "Actual Total Time":434512.272,
         "Actual Rows":1,
         "Actual Loops":1,
         "Output":[ 
            "count(*)"
         ],
         "Shared Hit Blocks":12972741,
         "Shared Read Blocks":8274,
         "Shared Dirtied Blocks":0,
         "Shared Written Blocks":0,
         "Local Hit Blocks":0,
         "Local Read Blocks":0,
         "Local Dirtied Blocks":0,
         "Local Written Blocks":0,
         "Temp Read Blocks":2427703,
         "Temp Written Blocks":226,
         "Plans":[ 
            { 
               "Node Type":"Gather",
               "Parent Relationship":"Outer",
               "Parallel Aware":false,
               "Startup Cost":123880322.46,
               "Total Cost":123880322.67,
               "Plan Rows":2,
               "Plan Width":8,
               "Actual Startup Time":434455.855,
               "Actual Total Time":434514.190,
               "Actual Rows":3,
               "Actual Loops":1,
               "Output":[ 
                  "(PARTIAL count(*))"
               ],
               "Workers Planned":2,
               "Workers Launched":2,
               "Single Copy":false,
               "Shared Hit Blocks":12972741,
               "Shared Read Blocks":8274,
               "Shared Dirtied Blocks":0,
               "Shared Written Blocks":0,
               "Local Hit Blocks":0,
               "Local Read Blocks":0,
               "Local Dirtied Blocks":0,
               "Local Written Blocks":0,
               "Temp Read Blocks":2427703,
               "Temp Written Blocks":226,
               "Plans":[ 
                  { 
                     "Node Type":"Aggregate",
                     "Strategy":"Plain",
                     "Partial Mode":"Partial",
                     "Parent Relationship":"Outer",
                     "Parallel Aware":false,
                     "Startup Cost":123879322.46,
                     "Total Cost":123879322.47,
                     "Plan Rows":1,
                     "Plan Width":8,
                     "Actual Startup Time":434487.909,
                     "Actual Total Time":434487.909,
                     "Actual Rows":1,
                     "Actual Loops":3,
                     "Output":[ 
                        "PARTIAL count(*)"
                     ],
                     "Shared Hit Blocks":12972741,
                     "Shared Read Blocks":8274,
                     "Shared Dirtied Blocks":0,
                     "Shared Written Blocks":0,
                     "Local Hit Blocks":0,
                     "Local Read Blocks":0,
                     "Local Dirtied Blocks":0,
                     "Local Written Blocks":0,
                     "Temp Read Blocks":2427703,
                     "Temp Written Blocks":226,
                     "Workers":[ 
                        { 
                           "Worker Number":0,
                           "Actual Startup Time":434504.049,
                           "Actual Total Time":434504.049,
                           "Actual Rows":1,
                           "Actual Loops":1,
                           "Shared Hit Blocks":6480370,
                           "Shared Read Blocks":2394,
                           "Shared Dirtied Blocks":0,
                           "Shared Written Blocks":0,
                           "Local Hit Blocks":0,
                           "Local Read Blocks":0,
                           "Local Dirtied Blocks":0,
                           "Local Written Blocks":0,
                           "Temp Read Blocks":0,
                           "Temp Written Blocks":0
                        },
                        { 
                           "Worker Number":1,
                           "Actual Startup Time":434504.036,
                           "Actual Total Time":434504.036,
                           "Actual Rows":1,
                           "Actual Loops":1,
                           "Shared Hit Blocks":6491235,
                           "Shared Read Blocks":2127,
                           "Shared Dirtied Blocks":0,
                           "Shared Written Blocks":0,
                           "Local Hit Blocks":0,
                           "Local Read Blocks":0,
                           "Local Dirtied Blocks":0,
                           "Local Written Blocks":0,
                           "Temp Read Blocks":0,
                           "Temp Written Blocks":0
                        }
                     ],
                     "Plans":[ 
                        { 
                           "Node Type":"Seq Scan",
                           "Parent Relationship":"Outer",
                           "Parallel Aware":true,
                           "Relation Name":"hogwarts",
                           "Schema":"public",
                           "Alias":"hogwarts",
                           "Startup Cost":0.00,
                           "Total Cost":123879309.80,
                           "Plan Rows":5063,
                           "Plan Width":0,
                           "Actual Startup Time":55.773,
                           "Actual Total Time":434475.417,
                           "Actual Rows":8017,
                           "Actual Loops":3,
                           "Filter":"(hogwarts.destroy_marker AND (NOT (SubPlan 1)))",
                           "Rows Removed by Filter":44170,
                           "Shared Hit Blocks":12972741,
                           "Shared Read Blocks":8274,
                           "Shared Dirtied Blocks":0,
                           "Shared Written Blocks":0,
                           "Local Hit Blocks":0,
                           "Local Read Blocks":0,
                           "Local Dirtied Blocks":0,
                           "Local Written Blocks":0,
                           "Temp Read Blocks":2427703,
                           "Temp Written Blocks":226,
                           "Workers":[ 
                              { 
                                 "Worker Number":0,
                                 "Actual Startup Time":51.598,
                                 "Actual Total Time":434495.244,
                                 "Actual Rows":6673,
                                 "Actual Loops":1,
                                 "Shared Hit Blocks":6480370,
                                 "Shared Read Blocks":2394,
                                 "Shared Dirtied Blocks":0,
                                 "Shared Written Blocks":0,
                                 "Local Hit Blocks":0,
                                 "Local Read Blocks":0,
                                 "Local Dirtied Blocks":0,
                                 "Local Written Blocks":0,
                                 "Temp Read Blocks":0,
                                 "Temp Written Blocks":0
                              },
                              { 
                                 "Worker Number":1,
                                 "Actual Startup Time":51.346,
                                 "Actual Total Time":434494.556,
                                 "Actual Rows":6684,
                                 "Actual Loops":1,
                                 "Shared Hit Blocks":6491235,
                                 "Shared Read Blocks":2127,
                                 "Shared Dirtied Blocks":0,
                                 "Shared Written Blocks":0,
                                 "Local Hit Blocks":0,
                                 "Local Read Blocks":0,
                                 "Local Dirtied Blocks":0,
                                 "Local Written Blocks":0,
                                 "Temp Read Blocks":0,
                                 "Temp Written Blocks":0
                              }
                           ],
                           "Plans":[ 
                              { 
                                 "Node Type":"Materialize",
                                 "Parent Relationship":"SubPlan",
                                 "Subplan Name":"SubPlan 1",
                                 "Parallel Aware":false,
                                 "Startup Cost":0.00,
                                 "Total Cost":3467.60,
                                 "Plan Rows":132040,
                                 "Plan Width":4,
                                 "Actual Startup Time":0.006,
                                 "Actual Total Time":36.303,
                                 "Actual Rows":132032,
                                 "Actual Loops":24056,
                                 "Output":[ 
                                    "mapped_hogwarts.hogwart_id"
                                 ],
                                 "Shared Hit Blocks":12972418,
                                 "Shared Read Blocks":0,
                                 "Shared Dirtied Blocks":0,
                                 "Shared Written Blocks":0,
                                 "Local Hit Blocks":0,
                                 "Local Read Blocks":0,
                                 "Local Dirtied Blocks":0,
                                 "Local Written Blocks":0,
                                 "Temp Read Blocks":2427703,
:                                 "Temp Written Blocks":226,
                                 "Workers":[ 
                                    { 
                                       "Worker Number":0,
                                       "Actual Startup Time":0.005,
                                       "Actual Total Time":48.122,
                                       "Actual Rows":132037,
                                       "Actual Loops":6674,
                                       "Shared Hit Blocks":6480290,
                                       "Shared Read Blocks":0,
                                       "Shared Dirtied Blocks":0,
                                       "Shared Written Blocks":0,
                                       "Local Hit Blocks":0,
                                       "Local Read Blocks":0,
                                       "Local Dirtied Blocks":0,
                                       "Local Written Blocks":0,
                                       "Temp Read Blocks":0,
                                       "Temp Written Blocks":0
                                    },
                                    { 
                                       "Worker Number":1,
                                       "Actual Startup Time":0.005,
                                       "Actual Total Time":48.234,
                                       "Actual Rows":132021,
                                       "Actual Loops":6686,
                                       "Shared Hit Blocks":6491157,
                                       "Shared Read Blocks":0,
                                       "Shared Dirtied Blocks":0,
                                       "Shared Written Blocks":0,
                                       "Local Hit Blocks":0,
                                       "Local Read Blocks":0,
                                       "Local Dirtied Blocks":0,
                                       "Local Written Blocks":0,
                                       "Temp Read Blocks":0,
                                       "Temp Written Blocks":0
                                    }
                                 ],
                                 "Plans":[ 
                                    { 
                                       "Node Type":"Seq Scan",
                                       "Parent Relationship":"Outer",
                                       "Parallel Aware":false,
                                       "Relation Name":"mapped_hogwarts",
:                                       "Schema":"public",
                                       "Alias":"mapped_hogwarts",
                                       "Startup Cost":0.00,
                                       "Total Cost":2291.40,
                                       "Plan Rows":132040,
                                       "Plan Width":4,
                                       "Actual Startup Time":0.005,
                                       "Actual Total Time":25.295,
                                       "Actual Rows":132029,
                                       "Actual Loops":13361,
                                       "Output":[ 
                                          "mapped_hogwarts.hogwart_id"
                                       ],
                                       "Shared Hit Blocks":12972418,
                                       "Shared Read Blocks":0,
                                       "Shared Dirtied Blocks":0,
                                       "Shared Written Blocks":0,
                                       "Local Hit Blocks":0,
                                       "Local Read Blocks":0,
                                       "Local Dirtied Blocks":0,
                                       "Local Written Blocks":0,
                                       "Temp Read Blocks":0,
                                       "Temp Written Blocks":0,
                                       "Workers":[ 
                                          { 
                                             "Worker Number":0,
                                             "Actual Startup Time":0.005,
                                             "Actual Total Time":25.193,
                                             "Actual Rows":132037,
                                             "Actual Loops":6674,
                                             "Shared Hit Blocks":6480290,
                                             "Shared Read Blocks":0,
                                             "Shared Dirtied Blocks":0,
                                             "Shared Written Blocks":0,
                                             "Local Hit Blocks":0,
                                             "Local Read Blocks":0,
                                             "Local Dirtied Blocks":0,
                                             "Local Written Blocks":0,
                                             "Temp Read Blocks":0,
                                             "Temp Written Blocks":0
                                          },
                                          { 
                                             "Worker Number":1,
                                             "Actual Startup Time":0.005,
                                             "Actual Total Time":25.397,
                                             "Actual Rows":132021,
                                             "Actual Loops":6686,
                                             "Shared Hit Blocks":6491157,
                                             "Shared Read Blocks":0,
                                             "Shared Dirtied Blocks":0,
                                             "Shared Written Blocks":0,
                                             "Local Hit Blocks":0,
                                             "Local Read Blocks":0,
                                             "Local Dirtied Blocks":0,
                                             "Local Written Blocks":0,
                                             "Temp Read Blocks":0,
                                             "Temp Written Blocks":0
                                          }
                                       ]
                                    }
                                 ]
                              }
                           ]
                        }
                     ]
                  }
               ]
            }
         ]
      },
      "Planning Time":0.156,
      "Triggers":[ 

      ],
      "Execution Time":434514.598
   }
]